SF:lib/flutter_aad.dart
DA:14,1
DA:16,1
DA:18,2
DA:19,2
DA:20,3
DA:21,2
DA:34,1
DA:35,0
DA:37,1
DA:38,1
DA:40,1
DA:41,1
DA:44,1
DA:47,1
DA:48,1
DA:49,1
DA:50,1
DA:52,1
DA:53,4
DA:54,4
DA:59,1
DA:61,1
DA:63,1
DA:65,1
DA:66,1
DA:68,4
DA:69,1
DA:71,4
DA:72,2
DA:73,1
DA:76,2
DA:82,1
DA:83,1
DA:85,1
DA:86,1
DA:91,1
DA:92,1
DA:93,1
DA:94,1
DA:96,1
DA:97,4
DA:98,4
DA:103,1
DA:105,1
DA:107,1
DA:108,2
DA:110,1
DA:112,4
DA:113,1
DA:114,4
DA:115,2
DA:116,1
DA:119,2
DA:125,1
DA:129,1
DA:130,1
DA:132,2
DA:135,2
DA:136,3
DA:140,2
DA:142,0
DA:145,3
DA:149,2
DA:151,2
DA:153,2
DA:157,1
DA:159,4
DA:162,1
DA:163,1
DA:164,2
DA:165,2
DA:166,2
DA:167,4
DA:168,2
DA:177,1
DA:181,1
DA:182,1
DA:184,2
DA:187,2
DA:188,3
DA:192,2
DA:194,0
DA:197,3
DA:201,2
DA:203,0
DA:205,2
DA:209,1
DA:211,4
DA:214,1
end_of_record
